[debug] [2021-10-19T05:24:14.990Z] ----------------------------------------------------------------------
[debug] [2021-10-19T05:24:14.992Z] Command:       C:\Program Files (x86)\nodejs\node.exe C:\Users\USER\AppData\Roaming\npm\node_modules\firebase-tools\lib\bin\firebase.js init
[debug] [2021-10-19T05:24:14.993Z] CLI Version:   9.20.0
[debug] [2021-10-19T05:24:14.993Z] Platform:      win32
[debug] [2021-10-19T05:24:14.993Z] Node Version:  v16.1.0
[debug] [2021-10-19T05:24:14.995Z] Time:          Tue Oct 19 2021 11:24:14 GMT+0600 (Bangladesh Standard Time)
[debug] [2021-10-19T05:24:14.995Z] ----------------------------------------------------------------------
[debug] 
[debug] [2021-10-19T05:24:15.003Z] > command requires scopes: ["email","openid","https://www.googleapis.com/auth/cloudplatformprojects.readonly","https://www.googleapis.com/auth/firebase","https://www.googleapis.com/auth/cloud-platform"]
[debug] [2021-10-19T05:24:15.004Z] > authorizing via signed-in user (mostafanazmulhasan@gmail.com)
[info] 
     ######## #### ########  ######## ########     ###     ######  ########
     ##        ##  ##     ## ##       ##     ##  ##   ##  ##       ##
     ######    ##  ########  ######   ########  #########  ######  ######
     ##        ##  ##    ##  ##       ##     ## ##     ##       ## ##
     ##       #### ##     ## ######## ########  ##     ##  ######  ########

You're about to initialize a Firebase project in this directory:

  C:\Web Development\projects\Cruise Ship\client

Before we get started, keep in mind:

  * You are currently outside your home directory

